<?xml version="1.0" encoding="UTF-8"?>
<!-- Generated by org.testng.reporters.JUnitReportReporter -->
<testsuite hostname="THAI-HOANG-LOI" failures="0" tests="5" name="testng.ChangePasswordTests" time="0.022" errors="0" timestamp="2025-02-25T17:03:45 ICT" skipped="0">
  <testcase classname="testng.ChangePasswordTests" name="testChangePasswordSameAsOld" time="0.001"/>
  <testcase classname="testng.ChangePasswordTests" name="testChangePasswordWrongOldPassword" time="0.001"/>
  <testcase classname="testng.ChangePasswordTests" name="testChangePasswordMismatchConfirmation" time="0.001"/>
  <testcase classname="testng.ChangePasswordTests" name="testChangePasswordSuccess" time="0.002"/>
  <testcase classname="testng.ChangePasswordTests" name="testChangePasswordEmptyNewPassword" time="0.017"/>
</testsuite> <!-- testng.ChangePasswordTests -->
