<?xml version="1.0" encoding="UTF-8"?>
<!-- Generated by org.testng.reporters.JUnitReportReporter -->
<testsuite hostname="THAI-HOANG-LOI" failures="0" tests="4" name="testng.LoginTests" time="0.017" errors="0" timestamp="2025-03-03T14:31:01 ICT" skipped="0">
  <testcase classname="testng.LoginTests" name="testLoginValidCredentials" time="0.001"/>
  <testcase classname="testng.LoginTests" name="testLoginIncorrectPassword" time="0.013"/>
  <testcase classname="testng.LoginTests" name="testLoginIncorrectUsername" time="0.002"/>
  <testcase classname="testng.LoginTests" name="testLoginNonexistentAccount" time="0.001"/>
</testsuite> <!-- testng.LoginTests -->
