<?xml version="1.0" encoding="UTF-8"?>
<!-- Generated by org.testng.reporters.JUnitReportReporter -->
<testsuite hostname="THAI-HOANG-LOI" failures="0" tests="3" name="testng.ForgotPasswordTests" time="0.023" errors="0" timestamp="2025-02-25T17:07:59 ICT" skipped="0">
  <testcase classname="testng.ForgotPasswordTests" name="testForgotPasswordSuccess" time="0.002"/>
  <testcase classname="testng.ForgotPasswordTests" name="testForgotPasswordEmailNotExist" time="0.019"/>
  <testcase classname="testng.ForgotPasswordTests" name="testForgotPasswordInvalidEmailFormat" time="0.002"/>
</testsuite> <!-- testng.ForgotPasswordTests -->
