<?xml version="1.0" encoding="UTF-8"?>
<!-- Generated by org.testng.reporters.JUnitReportReporter -->
<testsuite hostname="THAI-HOANG-LOI" failures="0" tests="1" name="testng.RegisterTests" time="0.017" errors="0" timestamp="2025-02-25T16:57:40 ICT" skipped="0">
  <testcase classname="testng.RegisterTests" name="testRegisterValidInfo" time="0.017"/>
</testsuite> <!-- testng.RegisterTests -->
