<?xml version="1.0" encoding="UTF-8"?>
<!-- Generated by org.testng.reporters.JUnitReportReporter -->
<testsuite hostname="THAI-HOANG-LOI" failures="0" tests="4" name="testng.UpdateProfileTests" time="0.032" errors="0" timestamp="2025-02-25T17:10:18 ICT" skipped="0">
  <testcase classname="testng.UpdateProfileTests" name="testUpdateProfileWithMissingFields" time="0.002"/>
  <testcase classname="testng.UpdateProfileTests" name="testUpdateProfileWithoutLogin" time="0.002"/>
  <testcase classname="testng.UpdateProfileTests" name="testUpdateProfileSuccess" time="0.012"/>
  <testcase classname="testng.UpdateProfileTests" name="testUpdateProfileWithInvalidData" time="0.016"/>
</testsuite> <!-- testng.UpdateProfileTests -->
